<?xml version="1.0" encoding="UTF-8"?>
<!-- Generated by org.testng.reporters.JUnitXMLReporter -->
<testsuite hostname="DESKTOP-AFGBJ45" ignored="3" name="Test" tests="8" failures="8" timestamp="28 Jun 2023 10:08:55 GMT" time="0.076" errors="0">
  <testcase name="SVPLogin" time="0.017" classname="FD360TC.Driver_Docs">
    <failure type="java.lang.NullPointerException">
      <![CDATA[java.lang.NullPointerException
	at FD360TC.Driver_Docs.SVPLogin(Driver_Docs.java:115)
	at java.util.concurrent.FutureTask.run(Unknown Source)
	at java.util.concurrent.ThreadPoolExecutor.runWorker(Unknown Source)
	at java.util.concurrent.ThreadPoolExecutor$Worker.run(Unknown Source)
	at java.lang.Thread.run(Unknown Source)
... Removed 16 stack frames]]>
    </failure>
  </testcase> <!-- SVPLogin -->
  <testcase name="Selecting_CarrierBeta" time="0.0" classname="FD360TC.Driver_Docs">
    <failure type="java.lang.NullPointerException">
      <![CDATA[java.lang.NullPointerException
	at FD360TC.Driver_Docs.Selecting_CarrierBeta(Driver_Docs.java:156)
	at java.util.concurrent.FutureTask.run(Unknown Source)
	at java.util.concurrent.ThreadPoolExecutor.runWorker(Unknown Source)
	at java.util.concurrent.ThreadPoolExecutor$Worker.run(Unknown Source)
	at java.lang.Thread.run(Unknown Source)
... Removed 16 stack frames]]>
    </failure>
  </testcase> <!-- Selecting_CarrierBeta -->
  <testcase name="Locate_DocumentsMenu" time="0.0" classname="FD360TC.Driver_Docs">
    <failure type="java.lang.NullPointerException">
      <![CDATA[java.lang.NullPointerException
	at FD360TC.Driver_Docs.Locate_DocumentsMenu(Driver_Docs.java:182)
	at java.util.concurrent.FutureTask.run(Unknown Source)
	at java.util.concurrent.ThreadPoolExecutor.runWorker(Unknown Source)
	at java.util.concurrent.ThreadPoolExecutor$Worker.run(Unknown Source)
	at java.lang.Thread.run(Unknown Source)
... Removed 16 stack frames]]>
    </failure>
  </testcase> <!-- Locate_DocumentsMenu -->
  <testcase name="ClickOn_UploadDocument" time="0.0" classname="FD360TC.Driver_Docs">
    <failure type="java.lang.NullPointerException">
      <![CDATA[java.lang.NullPointerException
	at FD360TC.Driver_Docs.ClickOn_UploadDocument(Driver_Docs.java:204)
	at java.util.concurrent.FutureTask.run(Unknown Source)
	at java.util.concurrent.ThreadPoolExecutor.runWorker(Unknown Source)
	at java.util.concurrent.ThreadPoolExecutor$Worker.run(Unknown Source)
	at java.lang.Thread.run(Unknown Source)
... Removed 16 stack frames]]>
    </failure>
  </testcase> <!-- ClickOn_UploadDocument -->
  <testcase name="EnterDLInformation" time="0.0" classname="FD360TC.Driver_Docs">
    <failure type="java.lang.NullPointerException">
      <![CDATA[java.lang.NullPointerException
	at FD360TC.Driver_Docs.EnterDLInformation(Driver_Docs.java:221)
	at java.util.concurrent.FutureTask.run(Unknown Source)
	at java.util.concurrent.ThreadPoolExecutor.runWorker(Unknown Source)
	at java.util.concurrent.ThreadPoolExecutor$Worker.run(Unknown Source)
	at java.lang.Thread.run(Unknown Source)
... Removed 16 stack frames]]>
    </failure>
  </testcase> <!-- EnterDLInformation -->
  <testcase name="EnterIssueAndExpDate" time="0.0" classname="FD360TC.Driver_Docs">
    <failure type="java.lang.NullPointerException">
      <![CDATA[java.lang.NullPointerException
	at FD360TC.Driver_Docs.EnterIssueAndExpDate(Driver_Docs.java:238)
	at java.util.concurrent.FutureTask.run(Unknown Source)
	at java.util.concurrent.ThreadPoolExecutor.runWorker(Unknown Source)
	at java.util.concurrent.ThreadPoolExecutor$Worker.run(Unknown Source)
	at java.lang.Thread.run(Unknown Source)
... Removed 16 stack frames]]>
    </failure>
  </testcase> <!-- EnterIssueAndExpDate -->
  <testcase name="UploadtheDLFrontAndBackDoc" time="0.0" classname="FD360TC.Driver_Docs">
    <failure type="java.lang.NullPointerException">
      <![CDATA[java.lang.NullPointerException
	at FD360TC.Driver_Docs.UploadtheDLFrontAndBackDoc(Driver_Docs.java:255)
	at java.util.concurrent.FutureTask.run(Unknown Source)
	at java.util.concurrent.ThreadPoolExecutor.runWorker(Unknown Source)
	at java.util.concurrent.ThreadPoolExecutor$Worker.run(Unknown Source)
	at java.lang.Thread.run(Unknown Source)
... Removed 16 stack frames]]>
    </failure>
  </testcase> <!-- UploadtheDLFrontAndBackDoc -->
  <testcase name="SelectDriver" time="0.0" classname="FD360TC.Driver_Docs">
    <failure type="java.lang.NullPointerException">
      <![CDATA[java.lang.NullPointerException
	at FD360TC.Driver_Docs.SelectDriver(Driver_Docs.java:271)
	at java.util.concurrent.FutureTask.run(Unknown Source)
	at java.util.concurrent.ThreadPoolExecutor.runWorker(Unknown Source)
	at java.util.concurrent.ThreadPoolExecutor$Worker.run(Unknown Source)
	at java.lang.Thread.run(Unknown Source)
... Removed 16 stack frames]]>
    </failure>
  </testcase> <!-- SelectDriver -->
  <testcase name="Navigate_DriverDocumentsSection" time="0.0" classname="FD360TC.Driver_Docs">
    <ignored/>
  </testcase> <!-- Navigate_DriverDocumentsSection -->
  <testcase name="EnterMVRInformation" time="0.0" classname="FD360TC.Driver_Docs">
    <ignored/>
  </testcase> <!-- EnterMVRInformation -->
  <testcase name="SubmitInformation" time="0.0" classname="FD360TC.Driver_Docs">
    <ignored/>
  </testcase> <!-- SubmitInformation -->
</testsuite> <!-- Test -->
